ERROR - 2023-07-08 23:16:55 --> Error connecting to the database: mysqli_sql_exception: No connection could be made because the target machine actively refused it in C:\SPPTerpadu\system\Database\MySQLi\Connection.php:171
Stack trace:
#0 C:\SPPTerpadu\system\Database\MySQLi\Connection.php(171): mysqli->real_connect('localhost', 'root', '', 'spp_terpadu', 3306, '', 0)
#1 C:\SPPTerpadu\system\Database\BaseConnection.php(382): CodeIgniter\Database\MySQLi\Connection->connect(false)
#2 C:\SPPTerpadu\system\Database\BaseConnection.php(561): CodeIgniter\Database\BaseConnection->initialize()
#3 C:\SPPTerpadu\system\Database\BaseBuilder.php(1585): CodeIgniter\Database\BaseConnection->query('SELECT *\nFROM `...', Array, false)
#4 C:\SPPTerpadu\system\Model.php(250): CodeIgniter\Database\BaseBuilder->get()
#5 C:\SPPTerpadu\system\BaseModel.php(623): CodeIgniter\Model->doFirst()
#6 C:\SPPTerpadu\app\Controllers\Autentifikasi.php(50): CodeIgniter\BaseModel->first()
#7 C:\SPPTerpadu\system\CodeIgniter.php(927): App\Controllers\Autentifikasi->validasi_login_admin()
#8 C:\SPPTerpadu\system\CodeIgniter.php(482): CodeIgniter\CodeIgniter->runController(Object(App\Controllers\Autentifikasi))
#9 C:\SPPTerpadu\system\CodeIgniter.php(351): CodeIgniter\CodeIgniter->handleRequest(NULL, Object(Config\Cache), false)
#10 C:\SPPTerpadu\public\index.php(67): CodeIgniter\CodeIgniter->run()
#11 C:\SPPTerpadu\system\Commands\Server\rewrite.php(46): require_once('C:\\SPPTerpadu\\p...')
#12 {main}

Next CodeIgniter\Database\Exceptions\DatabaseException: No connection could be made because the target machine actively refused it in C:\SPPTerpadu\system\Database\MySQLi\Connection.php:215
Stack trace:
#0 C:\SPPTerpadu\system\Database\BaseConnection.php(382): CodeIgniter\Database\MySQLi\Connection->connect(false)
#1 C:\SPPTerpadu\system\Database\BaseConnection.php(561): CodeIgniter\Database\BaseConnection->initialize()
#2 C:\SPPTerpadu\system\Database\BaseBuilder.php(1585): CodeIgniter\Database\BaseConnection->query('SELECT *\nFROM `...', Array, false)
#3 C:\SPPTerpadu\system\Model.php(250): CodeIgniter\Database\BaseBuilder->get()
#4 C:\SPPTerpadu\system\BaseModel.php(623): CodeIgniter\Model->doFirst()
#5 C:\SPPTerpadu\app\Controllers\Autentifikasi.php(50): CodeIgniter\BaseModel->first()
#6 C:\SPPTerpadu\system\CodeIgniter.php(927): App\Controllers\Autentifikasi->validasi_login_admin()
#7 C:\SPPTerpadu\system\CodeIgniter.php(482): CodeIgniter\CodeIgniter->runController(Object(App\Controllers\Autentifikasi))
#8 C:\SPPTerpadu\system\CodeIgniter.php(351): CodeIgniter\CodeIgniter->handleRequest(NULL, Object(Config\Cache), false)
#9 C:\SPPTerpadu\public\index.php(67): CodeIgniter\CodeIgniter->run()
#10 C:\SPPTerpadu\system\Commands\Server\rewrite.php(46): require_once('C:\\SPPTerpadu\\p...')
#11 {main}
CRITICAL - 2023-07-08 23:16:55 --> Unable to connect to the database.
Main connection [MySQLi]: No connection could be made because the target machine actively refused it
in SYSTEMPATH\Database\BaseConnection.php on line 418.
 1 SYSTEMPATH\Database\BaseConnection.php(561): CodeIgniter\Database\BaseConnection->initialize()
 2 SYSTEMPATH\Database\BaseBuilder.php(1585): CodeIgniter\Database\BaseConnection->query('SELECT *
FROM `t_akun_admin`
WHERE `NamaPengguna` = :NamaPengguna:
AND `KataSandi` = :KataSandi:
AND `Aktivasi` = :Aktivasi:
 LIMIT 1', [...], false)
 3 SYSTEMPATH\Model.php(250): CodeIgniter\Database\BaseBuilder->get()
 4 SYSTEMPATH\BaseModel.php(623): CodeIgniter\Model->doFirst()
 5 APPPATH\Controllers\Autentifikasi.php(50): CodeIgniter\BaseModel->first()
 6 SYSTEMPATH\CodeIgniter.php(927): App\Controllers\Autentifikasi->validasi_login_admin()
 7 SYSTEMPATH\CodeIgniter.php(482): CodeIgniter\CodeIgniter->runController(Object(App\Controllers\Autentifikasi))
 8 SYSTEMPATH\CodeIgniter.php(351): CodeIgniter\CodeIgniter->handleRequest(null, Object(Config\Cache), false)
 9 FCPATH\index.php(67): CodeIgniter\CodeIgniter->run()
10 SYSTEMPATH\Commands\Server\rewrite.php(46): require_once('FCPATH\\index.php')
CRITICAL - 2023-07-08 23:43:06 --> Undefined variable $data
in APPPATH\Views\admin\V_Data_akun_siswa.php on line 87.
 1 APPPATH\Views\admin\V_Data_akun_siswa.php(87): CodeIgniter\Debug\Exceptions->errorHandler(2, 'Undefined variable $data', 'APPPATH\\Views\\admin\\V_Data_akun_siswa.php', 87)
 2 SYSTEMPATH\View\View.php(213): include('APPPATH\\Views\\admin\\V_Data_akun_siswa.php')
 3 SYSTEMPATH\View\View.php(216): CodeIgniter\View\View->CodeIgniter\View\{closure}()
 4 SYSTEMPATH\Common.php(1134): CodeIgniter\View\View->render('admin/V_Data_akun_siswa', [], true)
 5 APPPATH\Controllers\Pengguna.php(91): view('admin/V_Data_akun_siswa', [...])
 6 SYSTEMPATH\CodeIgniter.php(927): App\Controllers\Pengguna->akun_siswa()
 7 SYSTEMPATH\CodeIgniter.php(482): CodeIgniter\CodeIgniter->runController(Object(App\Controllers\Pengguna))
 8 SYSTEMPATH\CodeIgniter.php(351): CodeIgniter\CodeIgniter->handleRequest(null, Object(Config\Cache), false)
 9 FCPATH\index.php(67): CodeIgniter\CodeIgniter->run()
10 SYSTEMPATH\Commands\Server\rewrite.php(46): require_once('FCPATH\\index.php')
CRITICAL - 2023-07-08 23:44:07 --> Invalid file: error/V_404.php
in SYSTEMPATH\Exceptions\FrameworkException.php on line 33.
 1 SYSTEMPATH\View\View.php(201): CodeIgniter\Exceptions\FrameworkException::forInvalidFile('error/V_404.php')
 2 SYSTEMPATH\Common.php(1134): CodeIgniter\View\View->render('error/V_404', [], true)
 3 APPPATH\Config\Routes.php(24): view('error/V_404')
 4 SYSTEMPATH\CodeIgniter.php(948): CodeIgniter\CodeIgniter->Config\{closure}('Controller method is not found: hapus_pengguna')
 5 SYSTEMPATH\CodeIgniter.php(370): CodeIgniter\CodeIgniter->display404errors(Object(CodeIgniter\Exceptions\PageNotFoundException))
 6 FCPATH\index.php(67): CodeIgniter\CodeIgniter->run()
 7 SYSTEMPATH\Commands\Server\rewrite.php(46): require_once('FCPATH\\index.php')
